#
# There is insufficient memory for the Java Runtime Environment to continue.
# Native memory allocation (malloc) failed to allocate 32744 bytes for ChunkPool::allocate
# Possible reasons:
#   The system is out of physical RAM or swap space
#   In 32 bit mode, the process size limit was hit
# Possible solutions:
#   Reduce memory load on the system
#   Increase physical memory or swap space
#   Check if swap backing store is full
#   Use 64 bit Java on a 64 bit OS
#   Decrease Java heap size (-Xmx/-Xms)
#   Decrease number of Java threads
#   Decrease Java thread stack sizes (-Xss)
#   Set larger code cache with -XX:ReservedCodeCacheSize=
# This output file may be truncated or incomplete.
#
#  Out of Memory Error (allocation.cpp:273), pid=14152, tid=0x000000000000287c
#
# JRE version: Java(TM) SE Runtime Environment (8.0_191-b12) (build 1.8.0_191-b12)
# Java VM: Java HotSpot(TM) 64-Bit Server VM (25.191-b12 mixed mode windows-amd64 compressed oops)
# Failed to write core dump. Minidumps are not enabled by default on client versions of Windows
#

---------------  T H R E A D  ---------------

Current thread (0x000000001b063800):  JavaThread "C2 CompilerThread0" daemon [_thread_in_native, id=10364, stack(0x000000001ba60000,0x000000001bb60000)]

Stack: [0x000000001ba60000,0x000000001bb60000]
[error occurred during error reporting (printing stack bounds), id 0xc0000005]

Native frames: (J=compiled Java code, j=interpreted, Vv=VM code, C=native code)


Current CompileTask:
C2:  16199 4245   !   4       java.net.URLClassLoader$1::
[error occurred during error reporting (printing current compile task), id 0xe0000001]


---------------  P R O C E S S  ---------------

Java Threads: ( => current thread )
  0x0000000021cdc800 JavaThread "DubboSaveRegistryCache-thread-1" daemon [_thread_blocked, id=11596, stack(0x00000000244a0000,0x00000000245a0000)]
  0x0000000021cdc000 JavaThread "Curator-Framework-0" daemon [_thread_blocked, id=13828, stack(0x0000000024cf0000,0x0000000024df0000)]
  0x0000000021cdb000 JavaThread "main-EventThread" daemon [_thread_blocked, id=12516, stack(0x0000000024bc0000,0x0000000024cc0000)]
  0x0000000021cda800 JavaThread "main-SendThread(192.168.52.130:2181)" daemon [_thread_in_native, id=9236, stack(0x00000000249d0000,0x0000000024ad0000)]
  0x0000000021cd9800 JavaThread "Curator-ConnectionStateManager-0" daemon [_thread_blocked, id=11108, stack(0x000000001f830000,0x000000001f930000)]
  0x0000000021cd9000 JavaThread "DubboRegistryFailedRetryTimer-thread-1" daemon [_thread_blocked, id=11032, stack(0x0000000024640000,0x0000000024740000)]
  0x0000000021cd7800 JavaThread "dubbo-remoting-server-heartbeat-thread-1" daemon [_thread_blocked, id=4376, stack(0x0000000024370000,0x0000000024470000)]
  0x0000000021cd6800 JavaThread "New I/O server boss #1 ([id: 0x467b684d, /0:0:0:0:0:0:0:0:28813])" daemon [_thread_in_native, id=10176, stack(0x0000000024210000,0x0000000024310000)]
  0x0000000021cd6000 JavaThread "pool-2-thread-3" [_thread_blocked, id=13516, stack(0x000000001f590000,0x000000001f690000)]
  0x0000000021cd5000 JavaThread "org.springframework.amqp.rabbit.RabbitListenerEndpointContainer#0-1" [_thread_blocked, id=4352, stack(0x000000001dc00000,0x000000001dd00000)]
  0x0000000021cd4800 JavaThread "pool-2-thread-2" [_thread_blocked, id=7768, stack(0x000000001f280000,0x000000001f380000)]
  0x0000000021cd3800 JavaThread "AMQP Connection 192.168.52.130:5672" [_thread_in_native, id=4928, stack(0x0000000023ea0000,0x0000000023fa0000)]
  0x000000001b0fc000 JavaThread "Service Thread" daemon [_thread_blocked, id=14128, stack(0x000000001bdb0000,0x000000001beb0000)]
  0x000000001b06e000 JavaThread "C1 CompilerThread2" daemon [_thread_blocked, id=12128, stack(0x000000001bc50000,0x000000001bd50000)]
  0x000000001b064800 JavaThread "C2 CompilerThread1" daemon [_thread_in_native, id=6356, stack(0x000000001b4c0000,0x000000001b5c0000)]
=>0x000000001b063800 JavaThread "C2 CompilerThread0" daemon [_thread_in_native, id=10364, stack(0x000000001ba60000,0x000000001bb60000)]
  0x000000001b062000 JavaThread "Monitor Ctrl-Break" daemon [_thread_in_native, id=13680, stack(0x000000001b930000,0x000000001ba30000)]
  0x0000000019c8f000 JavaThread "Attach Listener" daemon [_thread_blocked, id=13180, stack(0x000000001b700000,0x000000001b800000)]
  0x0000000019c86800 JavaThread "Signal Dispatcher" daemon [_thread_blocked, id=14056, stack(0x000000001b5d0000,0x000000001b6d0000)]
  0x0000000019c6f800 JavaThread "Finalizer" daemon [_thread_blocked, id=8428, stack(0x000000001af20000,0x000000001b020000)]
  0x0000000019c68800 JavaThread "Reference Handler" daemon [_thread_blocked, id=11420, stack(0x000000001adb0000,0x000000001aeb0000)]
  0x000000000233e000 JavaThread "main" [_thread_in_Java, id=13548, stack(0x0000000002560000,0x0000000002660000)]

Other Threads:
  0x0000000019c21000 VMThread [stack: 0x000000001ac00000,0x000000001ad00000] [id=7844]
  0x000000001b157000 WatcherThread [stack: 0x000000001bec0000,0x000000001bfc0000] [id=11520]

VM state:not at safepoint (normal execution)

VM Mutex/Monitor currently owned by a thread: None

Heap:
 PSYoungGen      total 162816K, used 52142K [0x0000000780700000, 0x000000078f600000, 0x00000007c0000000)
  eden space 148992K, 27% used [0x0000000780700000,0x0000000782f43fd0,0x0000000789880000)
  from space 13824K, 78% used [0x000000078e880000,0x000000078f327b18,0x000000078f600000)
  to   space 11776K, 0% used [0x0000000789880000,0x0000000789880000,0x000000078a400000)
 ParOldGen       total 75264K, used 17054K [0x0000000701400000, 0x0000000705d80000, 0x0000000780700000)
  object space 75264K, 22% used [0x0000000701400000,0x00000007024a7a90,0x0000000705d80000)
 Metaspace       used 43686K, capacity 45802K, committed 46168K, reserved 1089536K
  class space    used 5790K, capacity 6129K, committed 6232K, reserved 1048576K

Card table byte_map: [0x0000000011c10000,0x0000000012210000] byte_map_base: 0x000000000e406000

Marking Bits: (ParMarkBitMap*) 0x0000000070ea3e30
 Begin Bits: [0x0000000012d30000, 0x0000000015ce0000)
 End Bits:   [0x0000000015ce0000, 0x0000000018c90000)

Polling page: 0x0000000000440000

CodeCache: size=245760Kb used=14173Kb max_used=14173Kb free=231586Kb
 bounds [0x0000000002850000, 0x0000000003650000, 0x0000000011850000]
 total_blobs=4279 nmethods=3807 adapters=384
 compilation: enabled

Compilation events (10 events):
Event: 16.180 Thread 0x000000001b06e000 4303       2       com.aliyuncs.endpoint.LocalConfigRegionalEndpointResolver::makeEndpointKey (31 bytes)
Event: 16.181 Thread 0x000000001b06e000 nmethod 4303 0x0000000003173ed0 code [0x00000000031740a0, 0x0000000003174538]
Event: 16.181 Thread 0x000000001b06e000 4287       2       com.google.gson.JsonPrimitive::setValue (54 bytes)
Event: 16.181 Thread 0x000000001b06e000 nmethod 4287 0x0000000002f435d0 code [0x0000000002f43760, 0x0000000002f43bb8]
Event: 16.181 Thread 0x000000001b06e000 4289       2       com.google.gson.JsonPrimitive::isPrimitiveOrString (55 bytes)
Event: 16.182 Thread 0x000000001b06e000 nmethod 4289 0x0000000002a82fd0 code [0x0000000002a83140, 0x0000000002a833c8]
Event: 16.182 Thread 0x000000001b06e000 4290       2       com.google.gson.internal.$Gson$Preconditions::checkArgument (13 bytes)
Event: 16.182 Thread 0x000000001b06e000 nmethod 4290 0x0000000002f431d0 code [0x0000000002f43340, 0x0000000002f43508]
Event: 16.182 Thread 0x000000001b06e000 4294       2       com.google.gson.internal.LinkedTreeMap::replaceInParent (75 bytes)
Event: 16.182 Thread 0x000000001b06e000 nmethod 4294 0x0000000002a82a10 code [0x0000000002a82b80, 0x0000000002a82e68]

GC Heap History (10 events):
Event: 7.911 GC heap before
{Heap before GC invocations=6 (full 1):
 PSYoungGen      total 106496K, used 98304K [0x0000000780700000, 0x0000000787700000, 0x00000007c0000000)
  eden space 98304K, 100% used [0x0000000780700000,0x0000000786700000,0x0000000786700000)
  from space 8192K, 0% used [0x0000000786f00000,0x0000000786f00000,0x0000000787700000)
  to   space 8192K, 0% used [0x0000000786700000,0x0000000786700000,0x0000000786f00000)
 ParOldGen       total 75264K, used 5569K [0x0000000701400000, 0x0000000705d80000, 0x0000000780700000)
  object space 75264K, 7% used [0x0000000701400000,0x0000000701970410,0x0000000705d80000)
 Metaspace       used 28675K, capacity 29522K, committed 29824K, reserved 1075200K
  class space    used 3679K, capacity 3877K, committed 3968K, reserved 1048576K
Event: 7.949 GC heap after
Heap after GC invocations=6 (full 1):
 PSYoungGen      total 106496K, used 8182K [0x0000000780700000, 0x000000078b100000, 0x00000007c0000000)
  eden space 98304K, 0% used [0x0000000780700000,0x0000000780700000,0x0000000786700000)
  from space 8192K, 99% used [0x0000000786700000,0x0000000786efdb28,0x0000000786f00000)
  to   space 11264K, 0% used [0x000000078a600000,0x000000078a600000,0x000000078b100000)
 ParOldGen       total 75264K, used 7728K [0x0000000701400000, 0x0000000705d80000, 0x0000000780700000)
  object space 75264K, 10% used [0x0000000701400000,0x0000000701b8c0f8,0x0000000705d80000)
 Metaspace       used 28675K, capacity 29522K, committed 29824K, reserved 1075200K
  class space    used 3679K, capacity 3877K, committed 3968K, reserved 1048576K
}
Event: 9.902 GC heap before
{Heap before GC invocations=7 (full 1):
 PSYoungGen      total 106496K, used 106486K [0x0000000780700000, 0x000000078b100000, 0x00000007c0000000)
  eden space 98304K, 100% used [0x0000000780700000,0x0000000786700000,0x0000000786700000)
  from space 8192K, 99% used [0x0000000786700000,0x0000000786efdb28,0x0000000786f00000)
  to   space 11264K, 0% used [0x000000078a600000,0x000000078a600000,0x000000078b100000)
 ParOldGen       total 75264K, used 7728K [0x0000000701400000, 0x0000000705d80000, 0x0000000780700000)
  object space 75264K, 10% used [0x0000000701400000,0x0000000701b8c0f8,0x0000000705d80000)
 Metaspace       used 31777K, capacity 33136K, committed 33408K, reserved 1079296K
  class space    used 4082K, capacity 4354K, committed 4480K, reserved 1048576K
Event: 9.929 GC heap after
Heap after GC invocations=7 (full 1):
 PSYoungGen      total 155136K, used 9241K [0x0000000780700000, 0x000000078af80000, 0x00000007c0000000)
  eden space 145408K, 0% used [0x0000000780700000,0x0000000780700000,0x0000000789500000)
  from space 9728K, 95% used [0x000000078a600000,0x000000078af06700,0x000000078af80000)
  to   space 11776K, 0% used [0x0000000789880000,0x0000000789880000,0x000000078a400000)
 ParOldGen       total 75264K, used 7736K [0x0000000701400000, 0x0000000705d80000, 0x0000000780700000)
  object space 75264K, 10% used [0x0000000701400000,0x0000000701b8e0f8,0x0000000705d80000)
 Metaspace       used 31777K, capacity 33136K, committed 33408K, reserved 1079296K
  class space    used 4082K, capacity 4354K, committed 4480K, reserved 1048576K
}
Event: 11.283 GC heap before
{Heap before GC invocations=8 (full 1):
 PSYoungGen      total 155136K, used 97384K [0x0000000780700000, 0x000000078af80000, 0x00000007c0000000)
  eden space 145408K, 60% used [0x0000000780700000,0x0000000785d13a30,0x0000000789500000)
  from space 9728K, 95% used [0x000000078a600000,0x000000078af06700,0x000000078af80000)
  to   space 11776K, 0% used [0x0000000789880000,0x0000000789880000,0x000000078a400000)
 ParOldGen       total 75264K, used 7736K [0x0000000701400000, 0x0000000705d80000, 0x0000000780700000)
  object space 75264K, 10% used [0x0000000701400000,0x0000000701b8e0f8,0x0000000705d80000)
 Metaspace       used 33712K, capacity 35334K, committed 35416K, reserved 1079296K
  class space    used 4346K, capacity 4647K, committed 4696K, reserved 1048576K
Event: 11.462 GC heap after
Heap after GC invocations=8 (full 1):
 PSYoungGen      total 160768K, used 11762K [0x0000000780700000, 0x000000078f600000, 0x00000007c0000000)
  eden space 148992K, 0% used [0x0000000780700000,0x0000000780700000,0x0000000789880000)
  from space 11776K, 99% used [0x0000000789880000,0x000000078a3fc8a8,0x000000078a400000)
  to   space 13824K, 0% used [0x000000078e880000,0x000000078e880000,0x000000078f600000)
 ParOldGen       total 75264K, used 8429K [0x0000000701400000, 0x0000000705d80000, 0x0000000780700000)
  object space 75264K, 11% used [0x0000000701400000,0x0000000701c3b7f0,0x0000000705d80000)
 Metaspace       used 33712K, capacity 35334K, committed 35416K, reserved 1079296K
  class space    used 4346K, capacity 4647K, committed 4696K, reserved 1048576K
}
Event: 11.462 GC heap before
{Heap before GC invocations=9 (full 2):
 PSYoungGen      total 160768K, used 11762K [0x0000000780700000, 0x000000078f600000, 0x00000007c0000000)
  eden space 148992K, 0% used [0x0000000780700000,0x0000000780700000,0x0000000789880000)
  from space 11776K, 99% used [0x0000000789880000,0x000000078a3fc8a8,0x000000078a400000)
  to   space 13824K, 0% used [0x000000078e880000,0x000000078e880000,0x000000078f600000)
 ParOldGen       total 75264K, used 8429K [0x0000000701400000, 0x0000000705d80000, 0x0000000780700000)
  object space 75264K, 11% used [0x0000000701400000,0x0000000701c3b7f0,0x0000000705d80000)
 Metaspace       used 33712K, capacity 35334K, committed 35416K, reserved 1079296K
  class space    used 4346K, capacity 4647K, committed 4696K, reserved 1048576K
Event: 11.627 GC heap after
Heap after GC invocations=9 (full 2):
 PSYoungGen      total 160768K, used 0K [0x0000000780700000, 0x000000078f600000, 0x00000007c0000000)
  eden space 148992K, 0% used [0x0000000780700000,0x0000000780700000,0x0000000789880000)
  from space 11776K, 0% used [0x0000000789880000,0x0000000789880000,0x000000078a400000)
  to   space 13824K, 0% used [0x000000078e880000,0x000000078e880000,0x000000078f600000)
 ParOldGen       total 75264K, used 17046K [0x0000000701400000, 0x0000000705d80000, 0x0000000780700000)
  object space 75264K, 22% used [0x0000000701400000,0x00000007024a5a90,0x0000000705d80000)
 Metaspace       used 33712K, capacity 35334K, committed 35416K, reserved 1079296K
  class space    used 4346K, capacity 4647K, committed 4696K, reserved 1048576K
}
Event: 15.202 GC heap before
{Heap before GC invocations=10 (full 2):
 PSYoungGen      total 160768K, used 148992K [0x0000000780700000, 0x000000078f600000, 0x00000007c0000000)
  eden space 148992K, 100% used [0x0000000780700000,0x0000000789880000,0x0000000789880000)
  from space 11776K, 0% used [0x0000000789880000,0x0000000789880000,0x000000078a400000)
  to   space 13824K, 0% used [0x000000078e880000,0x000000078e880000,0x000000078f600000)
 ParOldGen       total 75264K, used 17046K [0x0000000701400000, 0x0000000705d80000, 0x0000000780700000)
  object space 75264K, 22% used [0x0000000701400000,0x00000007024a5a90,0x0000000705d80000)
 Metaspace       used 41343K, capacity 43390K, committed 43736K, reserved 1087488K
  class space    used 5394K, capacity 5737K, committed 5848K, reserved 1048576K
Event: 15.235 GC heap after
Heap after GC invocations=10 (full 2):
 PSYoungGen      total 162816K, used 10910K [0x0000000780700000, 0x000000078f600000, 0x00000007c0000000)
  eden space 148992K, 0% used [0x0000000780700000,0x0000000780700000,0x0000000789880000)
  from space 13824K, 78% used [0x000000078e880000,0x000000078f327b18,0x000000078f600000)
  to   space 11776K, 0% used [0x0000000789880000,0x0000000789880000,0x000000078a400000)
 ParOldGen       total 75264K, used 17054K [0x0000000701400000, 0x0000000705d80000, 0x0000000780700000)
  object space 75264K, 22% used [0x0000000701400000,0x00000007024a7a90,0x0000000705d80000)
 Metaspace       used 41343K, capacity 43390K, committed 43736K, reserved 1087488K
  class space    used 5394K, capacity 5737K, committed 5848K, reserved 1048576K
}

Deoptimization events (10 events):
Event: 15.785 Thread 0x000000000233e000 Uncommon trap: reason=class_check action=maybe_recompile pc=0x000000000305c658 method=java.util.AbstractList$Itr.hasNext()Z @ 8
Event: 15.785 Thread 0x000000000233e000 Uncommon trap: reason=class_check action=maybe_recompile pc=0x0000000002a22bd8 method=java.util.AbstractList$Itr.next()Ljava/lang/Object; @ 14
Event: 16.080 Thread 0x000000000233e000 Uncommon trap: reason=class_check action=maybe_recompile pc=0x00000000029a111c method=java.util.regex.Pattern$BmpCharProperty.match(Ljava/util/regex/Matcher;ILjava/lang/CharSequence;)Z @ 11
Event: 16.080 Thread 0x000000000233e000 Uncommon trap: reason=class_check action=maybe_recompile pc=0x00000000029a111c method=java.util.regex.Pattern$BmpCharProperty.match(Ljava/util/regex/Matcher;ILjava/lang/CharSequence;)Z @ 11
Event: 16.080 Thread 0x000000000233e000 Uncommon trap: reason=class_check action=maybe_recompile pc=0x00000000029a111c method=java.util.regex.Pattern$BmpCharProperty.match(Ljava/util/regex/Matcher;ILjava/lang/CharSequence;)Z @ 11
Event: 16.080 Thread 0x000000000233e000 Uncommon trap: reason=class_check action=maybe_recompile pc=0x00000000029a111c method=java.util.regex.Pattern$BmpCharProperty.match(Ljava/util/regex/Matcher;ILjava/lang/CharSequence;)Z @ 11
Event: 16.105 Thread 0x000000000233e000 Uncommon trap: reason=class_check action=maybe_recompile pc=0x0000000002f4979c method=java.lang.Character.codePointAt(Ljava/lang/CharSequence;I)I @ 2
Event: 16.105 Thread 0x000000000233e000 Uncommon trap: reason=class_check action=maybe_recompile pc=0x0000000002f4979c method=java.lang.Character.codePointAt(Ljava/lang/CharSequence;I)I @ 2
Event: 16.105 Thread 0x000000000233e000 Uncommon trap: reason=class_check action=maybe_recompile pc=0x0000000002f4979c method=java.lang.Character.codePointAt(Ljava/lang/CharSequence;I)I @ 2
Event: 16.105 Thread 0x000000000233e000 Uncommon trap: reason=class_check action=maybe_recompile pc=0x0000000002f4979c method=java.lang.Character.codePointAt(Ljava/lang/CharSequence;I)I @ 2

Classes redefined (0 events):
No events

Internal exceptions (10 events):
Event: 13.477 Thread 0x000000000233e000 Exception <a 'java/lang/ClassNotFoundException': org/springframework/beans/factory/AwareCustomizer> (0x00000007850e34f0) thrown at [C:\re\workspace\8-2-build-windows-amd64-cygwin\jdk8u191\11896\hotspot\src\share\vm\classfile\systemDictionary.cpp, line 210
Event: 13.478 Thread 0x000000000233e000 Exception <a 'java/lang/ClassNotFoundException': org/springframework/context/ApplicationListenerCustomizer> (0x0000000785101860) thrown at [C:\re\workspace\8-2-build-windows-amd64-cygwin\jdk8u191\11896\hotspot\src\share\vm\classfile\systemDictionary.cpp, 
Event: 13.478 Thread 0x000000000233e000 Exception <a 'java/lang/ClassNotFoundException': java/util/EventListenerCustomizer> (0x000000078510d6b0) thrown at [C:\re\workspace\8-2-build-windows-amd64-cygwin\jdk8u191\11896\hotspot\src\share\vm\classfile\systemDictionary.cpp, line 210]
Event: 13.479 Thread 0x000000000233e000 Exception <a 'java/lang/ClassNotFoundException': org/springframework/beans/factory/BeanNameAwareCustomizer> (0x000000078512b988) thrown at [C:\re\workspace\8-2-build-windows-amd64-cygwin\jdk8u191\11896\hotspot\src\share\vm\classfile\systemDictionary.cpp, 
Event: 13.480 Thread 0x000000000233e000 Exception <a 'java/lang/ClassNotFoundException': org/springframework/beans/factory/AwareCustomizer> (0x0000000785148228) thrown at [C:\re\workspace\8-2-build-windows-amd64-cygwin\jdk8u191\11896\hotspot\src\share\vm\classfile\systemDictionary.cpp, line 210
Event: 13.489 Thread 0x000000000233e000 Implicit null exception at 0x000000000352e465 to 0x000000000352ffd5
Event: 14.317 Thread 0x000000000233e000 Exception <a 'java/lang/NoClassDefFoundError': io/netty/channel/EventLoopGroup> (0x000000078716d128) thrown at [C:\re\workspace\8-2-build-windows-amd64-cygwin\jdk8u191\11896\hotspot\src\share\vm\classfile\systemDictionary.cpp, line 199]
Event: 14.454 Thread 0x000000000233e000 Exception <a 'java/lang/NoClassDefFoundError': org/apache/thrift/TException> (0x0000000787a0a028) thrown at [C:\re\workspace\8-2-build-windows-amd64-cygwin\jdk8u191\11896\hotspot\src\share\vm\classfile\systemDictionary.cpp, line 199]
Event: 15.519 Thread 0x000000000233e000 Exception <a 'java/lang/ClassNotFoundException': java/lang/ObjectCustomizer> (0x0000000781027878) thrown at [C:\re\workspace\8-2-build-windows-amd64-cygwin\jdk8u191\11896\hotspot\src\share\vm\classfile\systemDictionary.cpp, line 210]
Event: 15.520 Thread 0x000000000233e000 Exception <a 'java/lang/ClassNotFoundException': com/it/v12commonservice/V12CommonServiceApplicationTestsCustomizer> (0x000000078104cc20) thrown at [C:\re\workspace\8-2-build-windows-amd64-cygwin\jdk8u191\11896\hotspot\src\share\vm\classfile\systemDiction

Events (10 events):
Event: 16.138 loading class com/google/gson/internal/LinkedTreeMap$KeySet
Event: 16.138 loading class com/google/gson/internal/LinkedTreeMap$KeySet done
Event: 16.139 loading class com/google/gson/internal/LinkedTreeMap$KeySet$1
Event: 16.139 loading class com/google/gson/internal/LinkedTreeMap$KeySet$1 done
Event: 16.139 loading class com/google/gson/internal/LinkedTreeMap$LinkedTreeMapIterator
Event: 16.139 loading class com/google/gson/internal/LinkedTreeMap$LinkedTreeMapIterator done
Event: 16.140 loading class java/util/ConcurrentModificationException
Event: 16.140 loading class java/util/ConcurrentModificationException done
Event: 16.142 loading class com/aliyuncs/endpoint/LocalConfigGlobalEndpointResolver
Event: 16.142 loading class com/aliyuncs/endpoint/LocalConfigGlobalEndpointResolver done


Dynamic libraries:
0x000000013f890000 - 0x000000013f8c7000 	D:\Program Files (x86)\jdk\jdk1.8\bin\java.exe
0x0000000077b30000 - 0x0000000077ccf000 	C:\Windows\SYSTEM32\ntdll.dll
0x0000000077a10000 - 0x0000000077b2f000 	C:\Windows\system32\kernel32.dll
0x000007fefd6d0000 - 0x000007fefd73a000 	C:\Windows\system32\KERNELBASE.dll
0x000007fefd8b0000 - 0x000007fefd98b000 	C:\Windows\system32\ADVAPI32.dll
0x000007fefedb0000 - 0x000007fefee4f000 	C:\Windows\system32\msvcrt.dll
0x000007fefdbc0000 - 0x000007fefdbdf000 	C:\Windows\SYSTEM32\sechost.dll
0x000007feffcf0000 - 0x000007feffe1c000 	C:\Windows\system32\RPCRT4.dll
0x0000000077910000 - 0x0000000077a0a000 	C:\Windows\system32\USER32.dll
0x000007fefed40000 - 0x000007fefeda7000 	C:\Windows\system32\GDI32.dll
0x000007fefdce0000 - 0x000007fefdcee000 	C:\Windows\system32\LPK.dll
0x000007fefde20000 - 0x000007fefdeeb000 	C:\Windows\system32\USP10.dll
0x000007fefb900000 - 0x000007fefbaf5000 	C:\Windows\WinSxS\amd64_microsoft.windows.common-controls_6595b64144ccf1df_6.0.7601.24380_none_e3731d0b30fb6b11\COMCTL32.dll
0x000007feffc70000 - 0x000007feffce1000 	C:\Windows\system32\SHLWAPI.dll
0x000007feffc40000 - 0x000007feffc6e000 	C:\Windows\system32\IMM32.DLL
0x000007fefdd10000 - 0x000007fefde19000 	C:\Windows\system32\MSCTF.dll
0x0000000065db0000 - 0x0000000065e82000 	D:\Program Files (x86)\jdk\jdk1.8\jre\bin\msvcr100.dll
0x0000000070680000 - 0x0000000070f24000 	D:\Program Files (x86)\jdk\jdk1.8\jre\bin\server\jvm.dll
0x000007fef8190000 - 0x000007fef8199000 	C:\Windows\system32\WSOCK32.dll
0x000007fefec90000 - 0x000007fefecdd000 	C:\Windows\system32\WS2_32.dll
0x000007fefec80000 - 0x000007fefec88000 	C:\Windows\system32\NSI.dll
0x000007fefd4f0000 - 0x000007fefd52b000 	C:\Windows\system32\WINMM.dll
0x000007fefbdf0000 - 0x000007fefbdfc000 	C:\Windows\system32\VERSION.dll
0x0000000077cd0000 - 0x0000000077cd7000 	C:\Windows\system32\PSAPI.DLL
0x0000000073140000 - 0x000000007314f000 	D:\Program Files (x86)\jdk\jdk1.8\jre\bin\verify.dll
0x0000000068cc0000 - 0x0000000068ce9000 	D:\Program Files (x86)\jdk\jdk1.8\jre\bin\java.dll
0x0000000073150000 - 0x0000000073173000 	D:\Program Files (x86)\jdk\jdk1.8\jre\bin\instrument.dll
0x0000000066990000 - 0x00000000669a6000 	D:\Program Files (x86)\jdk\jdk1.8\jre\bin\zip.dll
0x000007fefdef0000 - 0x000007fefec7a000 	C:\Windows\system32\SHELL32.dll
0x000007feffa40000 - 0x000007feffc3f000 	C:\Windows\system32\ole32.dll
0x000007fefd450000 - 0x000007fefd45f000 	C:\Windows\system32\profapi.dll
0x000007fee8d60000 - 0x000007fee8d7a000 	D:\Program Files\IDEA\IntelliJ IDEA 2017.2.5\bin\breakgen64.dll
0x0000000066880000 - 0x000000006689a000 	D:\Program Files (x86)\jdk\jdk1.8\jre\bin\net.dll
0x000007fefcbe0000 - 0x000007fefcc35000 	C:\Windows\system32\mswsock.dll
0x000007fefcbd0000 - 0x000007fefcbd7000 	C:\Windows\System32\wship6.dll
0x00000000668a0000 - 0x00000000668b1000 	D:\Program Files (x86)\jdk\jdk1.8\jre\bin\nio.dll
0x0000000073130000 - 0x000000007313d000 	D:\Program Files (x86)\jdk\jdk1.8\jre\bin\management.dll
0x000007fefb030000 - 0x000007fefb045000 	C:\Windows\system32\NLAapi.dll
0x000007fef8100000 - 0x000007fef8115000 	C:\Windows\system32\napinsp.dll
0x000007fef80e0000 - 0x000007fef80f9000 	C:\Windows\system32\pnrpnsp.dll
0x000007fefca60000 - 0x000007fefcabb000 	C:\Windows\system32\DNSAPI.dll
0x000007fef7ef0000 - 0x000007fef7efb000 	C:\Windows\System32\winrnr.dll
0x000007fef7ee0000 - 0x000007fef7ef0000 	C:\Windows\system32\wshbth.dll
0x0000000072d50000 - 0x0000000072d85000 	C:\Program Files\Bonjour\mdnsNSP.dll
0x000007fefa350000 - 0x000007fefa377000 	C:\Windows\system32\Iphlpapi.DLL
0x000007fefa340000 - 0x000007fefa34b000 	C:\Windows\system32\WINNSI.DLL
0x000007fefbee0000 - 0x000007fefbee7000 	C:\Windows\System32\wshtcpip.dll
0x000007fef9120000 - 0x000007fef9128000 	C:\Windows\system32\rasadhlp.dll
0x000007fef9ff0000 - 0x000007fefa043000 	C:\Windows\System32\fwpuclnt.dll
0x0000000180000000 - 0x000000018018c000 	D:\apache-tomcat-7.0.52\bin\tcnative-1.dll
0x000007fefcc40000 - 0x000007fefcc58000 	C:\Windows\system32\CRYPTSP.dll
0x000007fefc940000 - 0x000007fefc987000 	C:\Windows\system32\rsaenh.dll
0x000007fefd4d0000 - 0x000007fefd4ee000 	C:\Windows\system32\USERENV.dll
0x000007fefd2f0000 - 0x000007fefd2ff000 	C:\Windows\system32\CRYPTBASE.dll
0x000007fefa1f0000 - 0x000007fefa208000 	C:\Windows\system32\dhcpcsvc.DLL
0x000007fef9be0000 - 0x000007fef9bf1000 	C:\Windows\system32\dhcpcsvc6.DLL

VM Arguments:
jvm_args: -ea -Didea.test.cyclic.buffer.size=1048576 -javaagent:D:\Program Files\IDEA\IntelliJ IDEA 2017.2.5\lib\idea_rt.jar=37700:D:\Program Files\IDEA\IntelliJ IDEA 2017.2.5\bin -Dfile.encoding=UTF-8 
java_command: com.intellij.rt.execution.junit.JUnitStarter -ideVersion5 -junit4 com.it.v12commonservice.V12CommonServiceApplicationTests,sendSms
java_class_path (initial): D:\Program Files\IDEA\IntelliJ IDEA 2017.2.5\lib\idea_rt.jar;D:\Program Files\IDEA\IntelliJ IDEA 2017.2.5\plugins\junit\lib\junit-rt.jar;D:\Program Files\IDEA\IntelliJ IDEA 2017.2.5\plugins\junit\lib\junit5-rt.jar;D:\Program Files (x86)\jdk\jdk1.8\jre\lib\charsets.jar;D:\Program Files (x86)\jdk\jdk1.8\jre\lib\deploy.jar;D:\Program Files (x86)\jdk\jdk1.8\jre\lib\ext\access-bridge-64.jar;D:\Program Files (x86)\jdk\jdk1.8\jre\lib\ext\cldrdata.jar;D:\Program Files (x86)\jdk\jdk1.8\jre\lib\ext\dnsns.jar;D:\Program Files (x86)\jdk\jdk1.8\jre\lib\ext\jaccess.jar;D:\Program Files (x86)\jdk\jdk1.8\jre\lib\ext\jfxrt.jar;D:\Program Files (x86)\jdk\jdk1.8\jre\lib\ext\localedata.jar;D:\Program Files (x86)\jdk\jdk1.8\jre\lib\ext\nashorn.jar;D:\Program Files (x86)\jdk\jdk1.8\jre\lib\ext\sunec.jar;D:\Program Files (x86)\jdk\jdk1.8\jre\lib\ext\sunjce_provider.jar;D:\Program Files (x86)\jdk\jdk1.8\jre\lib\ext\sunmscapi.jar;D:\Program Files (x86)\jdk\jdk1.8\jre\lib\ext\sunpkcs11.jar;D:\Program Files (x86)\jdk\jdk1.8\jre\lib\ext\zipfs.jar;D:\Program Files (x86)\jdk\jdk1.8\jre\lib\javaws.jar;D:\Program Files (x86)\jdk\jdk1.8\jre\lib\jce.jar;D:\Program Files (x86)\jdk\jdk1.8\jre\lib\jfr.jar;D:\Program Files (x86)\jdk\jdk1.8\jre\lib\jfxswt.jar;D:\Program Files (x86)\jdk\jdk1.8\jre\lib\jsse.jar;D:\Program Files (x86)\jdk\jdk1.8\jre\lib\management-agent.jar;D:\Program Files (x86)\jdk\jdk1.8\jre\lib\plugin.jar;D:\Program Files (x86)\jdk\jdk1.8\jre\lib\resources.jar;D:\Program Files (x86)\jdk\jdk1.8\jre\lib\rt.jar;D:\IDEAworkspace\v12\v12-service\v12-common-service\target\test-classes;D:\IDEAworkspace\v12\v12-service\v12-common-service\target\classes;D:\java\MAVEN-local-repository\org\springframework\boot\spring-boot-starter-amqp\2.1.5.RELEASE\spring-boot-starter-amqp-2.1.5.RELEASE.jar;D:\java\MAVEN-local-repository\org\springframework\boot\spring-boot-starter\2.1.5.RELEASE\spring-boot-starter-2.1.5.RELEASE.jar;D:\java\MAVEN-local-repository\org\springframework\bo
Launcher Type: SUN_STANDARD

Environment Variables:
JAVA_HOME=D:\Program Files (x86)\jdk\jdk1.8
CLASSPATH=.;D:\Program Files (x86)\jdk\jdk1.8\bin
PATH=D:\Program Files (x86)\jdk\jdk1.8\bin;C:\Windows\system32;C:\Windows;C:\Windows\system32\wbem;.;D:\Program Files (x86)\jdk\jdk1.8\bin;C:\Program Files (x86)\Windows Kits\8.0\Windows Performance Toolkit\;D:\Program Files (x86)\MySQL\bin;C:\Program Files (x86)\MySQL\MySQL Server 5.5\bin;%CATALINA_HOME%\bin;D:\Program Files\MySQL\MySQL Server 5.5\bin;D:\java\git\Git\cmd;D:\java\SVN\bin;D:\java\TortoiseSVN\bin;D:\apache-tomcat-7.0.52\bin;D:\java\apache-maven-3.3.3\bin;D:\Program Files (x86)\jdk\jdk1.8\bin;D:\java\apache-cxf-2.7.11\bin
USERNAME=Administrator
OS=Windows_NT
PROCESSOR_IDENTIFIER=Intel64 Family 6 Model 61 Stepping 4, GenuineIntel



---------------  S Y S T E M  ---------------

OS: Windows 7 , 64 bit Build 7601 (6.1.7601.24408)

CPU:total 4 (initial active 4) (2 cores per cpu, 2 threads per core) family 6 model 61 stepping 4, cmov, cx8, fxsr, mmx, sse, sse2, sse3, ssse3, sse4.1, sse4.2, popcnt, avx, avx2, aes, clmul, erms, 3dnowpref, lzcnt, ht, tsc, tscinvbit, bmi1, bmi2, adx

Memory: 4k page, physical 12500532k(1872216k free), swap 14595784k(5128k free)

vm_info: Java HotSpot(TM) 64-Bit Server VM (25.191-b12) for windows-amd64 JRE (1.8.0_191-b12), built on Oct  6 2018 09:29:03 by "java_re" with MS VC++ 10.0 (VS2010)

time: Sun Jun 30 16:10:40 2019
elapsed time: 16 seconds (0d 0h 0m 16s)

